<?xml version="1.0" encoding="UTF-8"?>
<testng-results ignored="0" total="1" passed="1" failed="0" skipped="0">
  <reporter-output>
  </reporter-output>
  <suite started-at="2024-04-23T15:25:20 IST" name="Suite" finished-at="2024-04-23T15:25:52 IST" duration-ms="31860">
    <groups>
    </groups>
    <test started-at="2024-04-23T15:25:20 IST" name="Test" finished-at="2024-04-23T15:25:52 IST" duration-ms="31860">
      <class name="TestPages.UPSCRegistrationTest">
        <test-method is-config="true" signature="beforesuit()[pri:0, instance:TestPages.UPSCRegistrationTest@1807e3f6]" started-at="2024-04-23T15:25:17 IST" name="beforesuit" finished-at="2024-04-23T15:25:20 IST" duration-ms="2803" status="PASS">
          <reporter-output>
          </reporter-output>
        </test-method> <!-- beforesuit -->
        <test-method is-config="true" signature="data()[pri:0, instance:TestPages.UPSCRegistrationTest@1807e3f6]" started-at="2024-04-23T15:25:20 IST" name="data" finished-at="2024-04-23T15:25:20 IST" duration-ms="2" status="PASS">
          <reporter-output>
          </reporter-output>
        </test-method> <!-- data -->
        <test-method is-config="true" signature="beforemethod()[pri:0, instance:TestPages.UPSCRegistrationTest@1807e3f6]" started-at="2024-04-23T15:25:21 IST" name="beforemethod" finished-at="2024-04-23T15:25:22 IST" duration-ms="1300" status="PASS">
          <reporter-output>
          </reporter-output>
        </test-method> <!-- beforemethod -->
        <test-method signature="register(java.lang.String,java.lang.String,java.lang.String,java.lang.String,java.lang.String,java.lang.String,java.lang.String,java.lang.String,java.lang.String,java.lang.String,java.lang.String,java.lang.String,java.lang.String,java.lang.String,java.lang.String,java.lang.String)[pri:0, instance:TestPages.UPSCRegistrationTest@1807e3f6]" started-at="2024-04-23T15:25:22 IST" name="register" data-provider="testData" finished-at="2024-04-23T15:25:51 IST" duration-ms="29534" status="PASS">
          <params>
            <param index="0">
              <value>
                <![CDATA[DemoName]]>
              </value>
            </param>
            <param index="1">
              <value>
                <![CDATA[Male]]>
              </value>
            </param>
            <param index="2">
              <value>
                <![CDATA[NO]]>
              </value>
            </param>
            <param index="3">
              <value>
                <![CDATA[29]]>
              </value>
            </param>
            <param index="4">
              <value>
                <![CDATA[July]]>
              </value>
            </param>
            <param index="5">
              <value>
                <![CDATA[1999]]>
              </value>
            </param>
            <param index="6">
              <value>
                <![CDATA[Vijayawada]]>
              </value>
            </param>
            <param index="7">
              <value>
                <![CDATA[AND]]>
              </value>
            </param>
            <param index="8">
              <value>
                <![CDATA[1]]>
              </value>
            </param>
            <param index="9">
              <value>
                <![CDATA[1234567890]]>
              </value>
            </param>
            <param index="10">
              <value>
                <![CDATA[demo@gmail.com]]>
              </value>
            </param>
            <param index="11">
              <value>
                <![CDATA[Capital@777]]>
              </value>
            </param>
            <param index="12">
              <value>
                <![CDATA[ONLINE RECRUITMENT APPLICATION (ORA) POWERD BY NIC]]>
              </value>
            </param>
            <param index="13">
              <value>
                <![CDATA[UPSC_Registration]]>
              </value>
            </param>
            <param index="14">
              <value>
                <![CDATA[Vinay Lam]]>
              </value>
            </param>
            <param index="15">
              <value>
                <![CDATA[Sanity]]>
              </value>
            </param>
          </params>
          <reporter-output>
          </reporter-output>
        </test-method> <!-- register -->
        <test-method is-config="true" signature="afterMethod()[pri:0, instance:TestPages.UPSCRegistrationTest@1807e3f6]" started-at="2024-04-23T15:25:51 IST" name="afterMethod" finished-at="2024-04-23T15:25:52 IST" duration-ms="162" status="PASS">
          <reporter-output>
          </reporter-output>
        </test-method> <!-- afterMethod -->
        <test-method is-config="true" signature="afterSuite()[pri:0, instance:TestPages.UPSCRegistrationTest@1807e3f6]" started-at="2024-04-23T15:25:52 IST" name="afterSuite" finished-at="2024-04-23T15:25:53 IST" duration-ms="1928" status="PASS">
          <reporter-output>
          </reporter-output>
        </test-method> <!-- afterSuite -->
      </class> <!-- TestPages.UPSCRegistrationTest -->
    </test> <!-- Test -->
  </suite> <!-- Suite -->
</testng-results>
